[31-May-2020 05:37:58 UTC] PHP Fatal error:  Uncaught Error: Call to undefined function get_theme_uri() in C:\Users\Edgar\Local Sites\davenportlaw\app\public\wp-content\themes\DavenportLaw\header.php:15
Stack trace:
#0 C:\Users\Edgar\Local Sites\davenportlaw\app\public\wp-includes\template.php(723): require_once()
#1 C:\Users\Edgar\Local Sites\davenportlaw\app\public\wp-includes\template.php(672): load_template('C:\\Users\\Edgar\\...', true)
#2 C:\Users\Edgar\Local Sites\davenportlaw\app\public\wp-includes\general-template.php(41): locate_template(Array, true)
#3 C:\Users\Edgar\Local Sites\davenportlaw\app\public\wp-content\themes\DavenportLaw\front-page.php(1): get_header()
#4 C:\Users\Edgar\Local Sites\davenportlaw\app\public\wp-includes\template-loader.php(106): include('C:\\Users\\Edgar\\...')
#5 C:\Users\Edgar\Local Sites\davenportlaw\app\public\wp-blog-header.php(19): require_once('C:\\Users\\Edgar\\...')
#6 C:\Users\Edgar\Local Sites\davenportlaw\app\public\index.php(17): require('C:\\Users\\Edgar\\...')
#7 {main}
  thrown in C:\Users\Edgar\Local Sites\davenportlaw\app\public\wp-content\themes\DavenportLaw\header.php on line 15
[31-May-2020 05:37:58 UTC] PHP Fatal error:  Uncaught Error: Call to undefined function get_theme_uri() in C:\Users\Edgar\Local Sites\davenportlaw\app\public\wp-content\themes\DavenportLaw\header.php:15
Stack trace:
#0 C:\Users\Edgar\Local Sites\davenportlaw\app\public\wp-includes\template.php(723): require_once()
#1 C:\Users\Edgar\Local Sites\davenportlaw\app\public\wp-includes\template.php(672): load_template('C:\\Users\\Edgar\\...', true)
#2 C:\Users\Edgar\Local Sites\davenportlaw\app\public\wp-includes\general-template.php(41): locate_template(Array, true)
#3 C:\Users\Edgar\Local Sites\davenportlaw\app\public\wp-content\themes\DavenportLaw\index.php(1): get_header()
#4 C:\Users\Edgar\Local Sites\davenportlaw\app\public\wp-includes\template-loader.php(106): include('C:\\Users\\Edgar\\...')
#5 C:\Users\Edgar\Local Sites\davenportlaw\app\public\wp-blog-header.php(19): require_once('C:\\Users\\Edgar\\...')
#6 C:\Users\Edgar\Local Sites\davenportlaw\app\public\index.php(17): require('C:\\Users\\Edgar\\...')
#7 {main}
  thrown in C:\Users\Edgar\Local Sites\davenportlaw\app\public\wp-content\themes\DavenportLaw\header.php on line 15
[31-May-2020 05:38:06 UTC] PHP Fatal error:  Uncaught Error: Call to undefined function get_theme_uri() in C:\Users\Edgar\Local Sites\davenportlaw\app\public\wp-content\themes\DavenportLaw\header.php:15
Stack trace:
#0 C:\Users\Edgar\Local Sites\davenportlaw\app\public\wp-includes\template.php(723): require_once()
#1 C:\Users\Edgar\Local Sites\davenportlaw\app\public\wp-includes\template.php(672): load_template('C:\\Users\\Edgar\\...', true)
#2 C:\Users\Edgar\Local Sites\davenportlaw\app\public\wp-includes\general-template.php(41): locate_template(Array, true)
#3 C:\Users\Edgar\Local Sites\davenportlaw\app\public\wp-content\themes\DavenportLaw\front-page.php(1): get_header()
#4 C:\Users\Edgar\Local Sites\davenportlaw\app\public\wp-includes\template-loader.php(106): include('C:\\Users\\Edgar\\...')
#5 C:\Users\Edgar\Local Sites\davenportlaw\app\public\wp-blog-header.php(19): require_once('C:\\Users\\Edgar\\...')
#6 C:\Users\Edgar\Local Sites\davenportlaw\app\public\index.php(17): require('C:\\Users\\Edgar\\...')
#7 {main}
  thrown in C:\Users\Edgar\Local Sites\davenportlaw\app\public\wp-content\themes\DavenportLaw\header.php on line 15
[31-May-2020 05:38:07 UTC] PHP Fatal error:  Uncaught Error: Call to undefined function get_theme_uri() in C:\Users\Edgar\Local Sites\davenportlaw\app\public\wp-content\themes\DavenportLaw\header.php:15
Stack trace:
#0 C:\Users\Edgar\Local Sites\davenportlaw\app\public\wp-includes\template.php(723): require_once()
#1 C:\Users\Edgar\Local Sites\davenportlaw\app\public\wp-includes\template.php(672): load_template('C:\\Users\\Edgar\\...', true)
#2 C:\Users\Edgar\Local Sites\davenportlaw\app\public\wp-includes\general-template.php(41): locate_template(Array, true)
#3 C:\Users\Edgar\Local Sites\davenportlaw\app\public\wp-content\themes\DavenportLaw\index.php(1): get_header()
#4 C:\Users\Edgar\Local Sites\davenportlaw\app\public\wp-includes\template-loader.php(106): include('C:\\Users\\Edgar\\...')
#5 C:\Users\Edgar\Local Sites\davenportlaw\app\public\wp-blog-header.php(19): require_once('C:\\Users\\Edgar\\...')
#6 C:\Users\Edgar\Local Sites\davenportlaw\app\public\index.php(17): require('C:\\Users\\Edgar\\...')
#7 {main}
  thrown in C:\Users\Edgar\Local Sites\davenportlaw\app\public\wp-content\themes\DavenportLaw\header.php on line 15
[31-May-2020 21:47:17 UTC] PHP Parse error:  syntax error, unexpected '">' (T_CONSTANT_ENCAPSED_STRING) in C:\Users\Edgar\Local Sites\davenportlaw\app\public\wp-content\themes\DavenportLaw\front-page.php on line 83
[31-May-2020 21:47:26 UTC] PHP Parse error:  syntax error, unexpected '">' (T_CONSTANT_ENCAPSED_STRING) in C:\Users\Edgar\Local Sites\davenportlaw\app\public\wp-content\themes\DavenportLaw\front-page.php on line 83
[31-May-2020 21:47:43 UTC] PHP Parse error:  syntax error, unexpected '">' (T_CONSTANT_ENCAPSED_STRING) in C:\Users\Edgar\Local Sites\davenportlaw\app\public\wp-content\themes\DavenportLaw\front-page.php on line 83
[01-Jun-2020 07:04:38 UTC] PHP Fatal error:  Uncaught Error: Call to undefined function get_header() in C:\Users\Edgar\Local Sites\davenportlaw\app\public\wp-content\themes\DavenportLaw\index.php:1
Stack trace:
#0 {main}
  thrown in C:\Users\Edgar\Local Sites\davenportlaw\app\public\wp-content\themes\DavenportLaw\index.php on line 1
[01-Jun-2020 07:04:50 UTC] PHP Fatal error:  Uncaught Error: Call to undefined function get_header() in C:\Users\Edgar\Local Sites\davenportlaw\app\public\wp-content\themes\DavenportLaw\index.php:1
Stack trace:
#0 {main}
  thrown in C:\Users\Edgar\Local Sites\davenportlaw\app\public\wp-content\themes\DavenportLaw\index.php on line 1
[01-Jun-2020 07:04:51 UTC] PHP Fatal error:  Uncaught Error: Call to undefined function get_header() in C:\Users\Edgar\Local Sites\davenportlaw\app\public\wp-content\themes\DavenportLaw\index.php:1
Stack trace:
#0 {main}
  thrown in C:\Users\Edgar\Local Sites\davenportlaw\app\public\wp-content\themes\DavenportLaw\index.php on line 1
[01-Jun-2020 07:04:53 UTC] PHP Fatal error:  Uncaught Error: Call to undefined function get_header() in C:\Users\Edgar\Local Sites\davenportlaw\app\public\wp-content\themes\DavenportLaw\index.php:1
Stack trace:
#0 {main}
  thrown in C:\Users\Edgar\Local Sites\davenportlaw\app\public\wp-content\themes\DavenportLaw\index.php on line 1
[05-Jun-2020 16:40:25 UTC] PHP Fatal error:  Uncaught Error: Call to undefined function get_theme_template_part() in C:\Users\Edgar\Local Sites\davenportlaw\app\public\wp-content\themes\DavenportLaw\footer.php:18
Stack trace:
#0 C:\Users\Edgar\Local Sites\davenportlaw\app\public\wp-includes\template.php(723): require_once()
#1 C:\Users\Edgar\Local Sites\davenportlaw\app\public\wp-includes\template.php(672): load_template('C:\\Users\\Edgar\\...', true)
#2 C:\Users\Edgar\Local Sites\davenportlaw\app\public\wp-includes\general-template.php(76): locate_template(Array, true)
#3 C:\Users\Edgar\Local Sites\davenportlaw\app\public\wp-content\themes\DavenportLaw\front-page.php(167): get_footer()
#4 C:\Users\Edgar\Local Sites\davenportlaw\app\public\wp-includes\template-loader.php(106): include('C:\\Users\\Edgar\\...')
#5 C:\Users\Edgar\Local Sites\davenportlaw\app\public\wp-blog-header.php(19): require_once('C:\\Users\\Edgar\\...')
#6 C:\Users\Edgar\Local Sites\davenportlaw\app\public\index.php(17): require('C:\\Users\\Edgar\\...')
#7 {main}
  thrown in C:\Users\Edgar\Local Sites\davenportlaw\app\public\wp-content\themes\DavenportLaw\footer.php on line 18
[10-Jun-2020 00:44:53 UTC] PHP Fatal error:  Uncaught Error: Call to undefined function get_custom_field() in C:\Users\Edgar\Local Sites\davenportlaw\app\public\wp-content\themes\DavenportLaw\front-page.php:11
Stack trace:
#0 C:\Users\Edgar\Local Sites\davenportlaw\app\public\wp-includes\template-loader.php(106): include()
#1 C:\Users\Edgar\Local Sites\davenportlaw\app\public\wp-blog-header.php(19): require_once('C:\\Users\\Edgar\\...')
#2 C:\Users\Edgar\Local Sites\davenportlaw\app\public\index.php(17): require('C:\\Users\\Edgar\\...')
#3 {main}
  thrown in C:\Users\Edgar\Local Sites\davenportlaw\app\public\wp-content\themes\DavenportLaw\front-page.php on line 11
[11-Jun-2020 01:01:39 UTC] PHP Warning:  Illegal offset type in isset or empty in C:\Users\Edgar\Local Sites\davenportlaw\app\public\wp-includes\class-wp-hook.php on line 76
[11-Jun-2020 01:01:39 UTC] PHP Stack trace:
[11-Jun-2020 01:01:39 UTC] PHP   1. {main}() C:\Users\Edgar\Local Sites\davenportlaw\app\public\index.php:0
[11-Jun-2020 01:01:39 UTC] PHP   2. require() C:\Users\Edgar\Local Sites\davenportlaw\app\public\index.php:17
[11-Jun-2020 01:01:39 UTC] PHP   3. require_once() C:\Users\Edgar\Local Sites\davenportlaw\app\public\wp-blog-header.php:13
[11-Jun-2020 01:01:39 UTC] PHP   4. require_once() C:\Users\Edgar\Local Sites\davenportlaw\app\public\wp-load.php:37
[11-Jun-2020 01:01:39 UTC] PHP   5. require_once() C:\Users\Edgar\Local Sites\davenportlaw\app\public\wp-config.php:75
[11-Jun-2020 01:01:39 UTC] PHP   6. include() C:\Users\Edgar\Local Sites\davenportlaw\app\public\wp-settings.php:508
[11-Jun-2020 01:01:39 UTC] PHP   7. add_action() C:\Users\Edgar\Local Sites\davenportlaw\app\public\wp-content\themes\DavenportLaw\functions.php:16
[11-Jun-2020 01:01:39 UTC] PHP   8. add_filter() C:\Users\Edgar\Local Sites\davenportlaw\app\public\wp-includes\plugin.php:404
[11-Jun-2020 01:01:39 UTC] PHP   9. WP_Hook->add_filter() C:\Users\Edgar\Local Sites\davenportlaw\app\public\wp-includes\plugin.php:113
[11-Jun-2020 01:01:39 UTC] PHP Warning:  Illegal offset type in C:\Users\Edgar\Local Sites\davenportlaw\app\public\wp-includes\class-wp-hook.php on line 78
[11-Jun-2020 01:01:39 UTC] PHP Stack trace:
[11-Jun-2020 01:01:39 UTC] PHP   1. {main}() C:\Users\Edgar\Local Sites\davenportlaw\app\public\index.php:0
[11-Jun-2020 01:01:39 UTC] PHP   2. require() C:\Users\Edgar\Local Sites\davenportlaw\app\public\index.php:17
[11-Jun-2020 01:01:39 UTC] PHP   3. require_once() C:\Users\Edgar\Local Sites\davenportlaw\app\public\wp-blog-header.php:13
[11-Jun-2020 01:01:39 UTC] PHP   4. require_once() C:\Users\Edgar\Local Sites\davenportlaw\app\public\wp-load.php:37
[11-Jun-2020 01:01:39 UTC] PHP   5. require_once() C:\Users\Edgar\Local Sites\davenportlaw\app\public\wp-config.php:75
[11-Jun-2020 01:01:39 UTC] PHP   6. include() C:\Users\Edgar\Local Sites\davenportlaw\app\public\wp-settings.php:508
[11-Jun-2020 01:01:39 UTC] PHP   7. add_action() C:\Users\Edgar\Local Sites\davenportlaw\app\public\wp-content\themes\DavenportLaw\functions.php:16
[11-Jun-2020 01:01:39 UTC] PHP   8. add_filter() C:\Users\Edgar\Local Sites\davenportlaw\app\public\wp-includes\plugin.php:404
[11-Jun-2020 01:01:39 UTC] PHP   9. WP_Hook->add_filter() C:\Users\Edgar\Local Sites\davenportlaw\app\public\wp-includes\plugin.php:113
[11-Jun-2020 01:01:42 UTC] PHP Warning:  Illegal offset type in isset or empty in C:\Users\Edgar\Local Sites\davenportlaw\app\public\wp-includes\class-wp-hook.php on line 76
[11-Jun-2020 01:01:42 UTC] PHP Stack trace:
[11-Jun-2020 01:01:42 UTC] PHP   1. {main}() C:\Users\Edgar\Local Sites\davenportlaw\app\public\index.php:0
[11-Jun-2020 01:01:42 UTC] PHP   2. require() C:\Users\Edgar\Local Sites\davenportlaw\app\public\index.php:17
[11-Jun-2020 01:01:42 UTC] PHP   3. require_once() C:\Users\Edgar\Local Sites\davenportlaw\app\public\wp-blog-header.php:13
[11-Jun-2020 01:01:42 UTC] PHP   4. require_once() C:\Users\Edgar\Local Sites\davenportlaw\app\public\wp-load.php:37
[11-Jun-2020 01:01:42 UTC] PHP   5. require_once() C:\Users\Edgar\Local Sites\davenportlaw\app\public\wp-config.php:75
[11-Jun-2020 01:01:42 UTC] PHP   6. include() C:\Users\Edgar\Local Sites\davenportlaw\app\public\wp-settings.php:508
[11-Jun-2020 01:01:42 UTC] PHP   7. add_action() C:\Users\Edgar\Local Sites\davenportlaw\app\public\wp-content\themes\DavenportLaw\functions.php:16
[11-Jun-2020 01:01:42 UTC] PHP   8. add_filter() C:\Users\Edgar\Local Sites\davenportlaw\app\public\wp-includes\plugin.php:404
[11-Jun-2020 01:01:42 UTC] PHP   9. WP_Hook->add_filter() C:\Users\Edgar\Local Sites\davenportlaw\app\public\wp-includes\plugin.php:113
[11-Jun-2020 01:01:42 UTC] PHP Warning:  Illegal offset type in C:\Users\Edgar\Local Sites\davenportlaw\app\public\wp-includes\class-wp-hook.php on line 78
[11-Jun-2020 01:01:42 UTC] PHP Stack trace:
[11-Jun-2020 01:01:42 UTC] PHP   1. {main}() C:\Users\Edgar\Local Sites\davenportlaw\app\public\index.php:0
[11-Jun-2020 01:01:42 UTC] PHP   2. require() C:\Users\Edgar\Local Sites\davenportlaw\app\public\index.php:17
[11-Jun-2020 01:01:42 UTC] PHP   3. require_once() C:\Users\Edgar\Local Sites\davenportlaw\app\public\wp-blog-header.php:13
[11-Jun-2020 01:01:42 UTC] PHP   4. require_once() C:\Users\Edgar\Local Sites\davenportlaw\app\public\wp-load.php:37
[11-Jun-2020 01:01:42 UTC] PHP   5. require_once() C:\Users\Edgar\Local Sites\davenportlaw\app\public\wp-config.php:75
[11-Jun-2020 01:01:42 UTC] PHP   6. include() C:\Users\Edgar\Local Sites\davenportlaw\app\public\wp-settings.php:508
[11-Jun-2020 01:01:42 UTC] PHP   7. add_action() C:\Users\Edgar\Local Sites\davenportlaw\app\public\wp-content\themes\DavenportLaw\functions.php:16
[11-Jun-2020 01:01:42 UTC] PHP   8. add_filter() C:\Users\Edgar\Local Sites\davenportlaw\app\public\wp-includes\plugin.php:404
[11-Jun-2020 01:01:42 UTC] PHP   9. WP_Hook->add_filter() C:\Users\Edgar\Local Sites\davenportlaw\app\public\wp-includes\plugin.php:113
